<?xml version="1.0" encoding="utf-8"?>
<TestRun id="dfcafdf4-9e1a-4f51-a8f4-ce54b81b8160" name="RaviLad@IN-LT-000027 2026-09-11 16:45:12" runUser="AzureAD\RaviLad" xmlns="http://microsoft.com/schemas/VisualStudio/TeamTest/2010">
  <Times creation="2026-09-11T16:45:12.6084083+05:30" queuing="2026-09-11T16:45:12.6084094+05:30" start="2026-09-11T16:45:10.8215175+05:30" finish="2026-09-11T16:45:12.6218695+05:30" />
  <TestSettings name="default" id="36473ccd-1fab-48dc-aa77-42cecd4e6cbd">
    <Deployment runDeploymentRoot="RaviLad_IN-LT-000027_2026-09-11_16_45_12" />
  </TestSettings>
  <Results>
    <UnitTestResult executionId="9f0c6c68-ee91-4974-af1d-8af6717b6e3c" testId="8201d2f7-05b0-bed0-8d8a-8f74921d4a95" testName="Dharma.Architecture.Tests.DependencyRulesTests.ApiIsLimitedToApplicationAndCompositionInfrastructureReferences" computerName="IN-LT-000027" duration="00:00:00.0052915" startTime="2026-09-11T16:45:12.2145435+05:30" endTime="2026-09-11T16:45:12.2146300+05:30" testType="13cdc9d9-ddb5-4fa4-a97d-d965ccfc6d4b" outcome="Passed" testListId="8c84fa94-04c1-424b-9868-57a2d4851a1d" relativeResultsDirectory="9f0c6c68-ee91-4974-af1d-8af6717b6e3c" />
    <UnitTestResult executionId="808936fc-9268-49ee-8ff8-f441df23ed3c" testId="d33d5883-dfa6-6ad6-a40c-e1784d5a9158" testName="Dharma.Architecture.Tests.DependencyRulesTests.DomainProjectsHaveNoOutwardDependencies" computerName="IN-LT-000027" duration="00:00:00.0405354" startTime="2026-09-11T16:45:12.3032463+05:30" endTime="2026-09-11T16:45:12.3440428+05:30" testType="13cdc9d9-ddb5-4fa4-a97d-d965ccfc6d4b" outcome="Passed" testListId="8c84fa94-04c1-424b-9868-57a2d4851a1d" relativeResultsDirectory="808936fc-9268-49ee-8ff8-f441df23ed3c" />
    <UnitTestResult executionId="775f8287-38c8-4698-a4ac-b31b561162f3" testId="228a9659-3b24-4444-1d64-d3f55b28abf3" testName="Dharma.Architecture.Tests.DependencyRulesTests.ApplicationProjectsReferenceOnlyTheirDomain" computerName="IN-LT-000027" duration="00:00:00.1025891" startTime="2026-09-11T16:45:12.0814263+05:30" endTime="2026-09-11T16:45:12.1956489+05:30" testType="13cdc9d9-ddb5-4fa4-a97d-d965ccfc6d4b" outcome="Passed" testListId="8c84fa94-04c1-424b-9868-57a2d4851a1d" relativeResultsDirectory="775f8287-38c8-4698-a4ac-b31b561162f3" />
    <UnitTestResult executionId="436cb1ad-c0e5-4b99-b298-dec1420c683d" testId="aa06bcc2-b1f9-d7a3-48ba-ce69da940db0" testName="Dharma.Architecture.Tests.DependencyRulesTests.InfrastructureProjectsReferenceOnlyTheirModuleLayersAndSharedContracts" computerName="IN-LT-000027" duration="00:00:00.0475779" startTime="2026-09-11T16:45:12.2586500+05:30" endTime="2026-09-11T16:45:12.3028146+05:30" testType="13cdc9d9-ddb5-4fa4-a97d-d965ccfc6d4b" outcome="Passed" testListId="8c84fa94-04c1-424b-9868-57a2d4851a1d" relativeResultsDirectory="436cb1ad-c0e5-4b99-b298-dec1420c683d" />
    <UnitTestResult executionId="c2232399-79a0-4a60-bf2e-eaee89b95b76" testId="c5710844-2072-6d93-153b-045777466175" testName="Dharma.Architecture.Tests.DependencyRulesTests.EveryModuleHasExplicitLayers" computerName="IN-LT-000027" duration="00:00:00.0527867" startTime="2026-09-11T16:45:12.2154123+05:30" endTime="2026-09-11T16:45:12.2548180+05:30" testType="13cdc9d9-ddb5-4fa4-a97d-d965ccfc6d4b" outcome="Passed" testListId="8c84fa94-04c1-424b-9868-57a2d4851a1d" relativeResultsDirectory="c2232399-79a0-4a60-bf2e-eaee89b95b76" />
  </Results>
  <TestDefinitions>
    <UnitTest name="Dharma.Architecture.Tests.DependencyRulesTests.EveryModuleHasExplicitLayers" storage="c:\data\testprojects\dharma-platform\dharma\backend\tests\dharma.architecture.tests\bin\release\net8.0\dharma.architecture.tests.dll" id="c5710844-2072-6d93-153b-045777466175">
      <Execution id="c2232399-79a0-4a60-bf2e-eaee89b95b76" />
      <TestMethod codeBase="C:\Data\TestProjects\dharma-platform\dharma\backend\tests\Dharma.Architecture.Tests\bin\Release\net8.0\Dharma.Architecture.Tests.dll" adapterTypeName="executor://xunit/VsTestRunner3/netcore/" className="Dharma.Architecture.Tests.DependencyRulesTests" name="EveryModuleHasExplicitLayers" />
    </UnitTest>
    <UnitTest name="Dharma.Architecture.Tests.DependencyRulesTests.ApplicationProjectsReferenceOnlyTheirDomain" storage="c:\data\testprojects\dharma-platform\dharma\backend\tests\dharma.architecture.tests\bin\release\net8.0\dharma.architecture.tests.dll" id="228a9659-3b24-4444-1d64-d3f55b28abf3">
      <Execution id="775f8287-38c8-4698-a4ac-b31b561162f3" />
      <TestMethod codeBase="C:\Data\TestProjects\dharma-platform\dharma\backend\tests\Dharma.Architecture.Tests\bin\Release\net8.0\Dharma.Architecture.Tests.dll" adapterTypeName="executor://xunit/VsTestRunner3/netcore/" className="Dharma.Architecture.Tests.DependencyRulesTests" name="ApplicationProjectsReferenceOnlyTheirDomain" />
    </UnitTest>
    <UnitTest name="Dharma.Architecture.Tests.DependencyRulesTests.DomainProjectsHaveNoOutwardDependencies" storage="c:\data\testprojects\dharma-platform\dharma\backend\tests\dharma.architecture.tests\bin\release\net8.0\dharma.architecture.tests.dll" id="d33d5883-dfa6-6ad6-a40c-e1784d5a9158">
      <Execution id="808936fc-9268-49ee-8ff8-f441df23ed3c" />
      <TestMethod codeBase="C:\Data\TestProjects\dharma-platform\dharma\backend\tests\Dharma.Architecture.Tests\bin\Release\net8.0\Dharma.Architecture.Tests.dll" adapterTypeName="executor://xunit/VsTestRunner3/netcore/" className="Dharma.Architecture.Tests.DependencyRulesTests" name="DomainProjectsHaveNoOutwardDependencies" />
    </UnitTest>
    <UnitTest name="Dharma.Architecture.Tests.DependencyRulesTests.ApiIsLimitedToApplicationAndCompositionInfrastructureReferences" storage="c:\data\testprojects\dharma-platform\dharma\backend\tests\dharma.architecture.tests\bin\release\net8.0\dharma.architecture.tests.dll" id="8201d2f7-05b0-bed0-8d8a-8f74921d4a95">
      <Execution id="9f0c6c68-ee91-4974-af1d-8af6717b6e3c" />
      <TestMethod codeBase="C:\Data\TestProjects\dharma-platform\dharma\backend\tests\Dharma.Architecture.Tests\bin\Release\net8.0\Dharma.Architecture.Tests.dll" adapterTypeName="executor://xunit/VsTestRunner3/netcore/" className="Dharma.Architecture.Tests.DependencyRulesTests" name="ApiIsLimitedToApplicationAndCompositionInfrastructureReferences" />
    </UnitTest>
    <UnitTest name="Dharma.Architecture.Tests.DependencyRulesTests.InfrastructureProjectsReferenceOnlyTheirModuleLayersAndSharedContracts" storage="c:\data\testprojects\dharma-platform\dharma\backend\tests\dharma.architecture.tests\bin\release\net8.0\dharma.architecture.tests.dll" id="aa06bcc2-b1f9-d7a3-48ba-ce69da940db0">
      <Execution id="436cb1ad-c0e5-4b99-b298-dec1420c683d" />
      <TestMethod codeBase="C:\Data\TestProjects\dharma-platform\dharma\backend\tests\Dharma.Architecture.Tests\bin\Release\net8.0\Dharma.Architecture.Tests.dll" adapterTypeName="executor://xunit/VsTestRunner3/netcore/" className="Dharma.Architecture.Tests.DependencyRulesTests" name="InfrastructureProjectsReferenceOnlyTheirModuleLayersAndSharedContracts" />
    </UnitTest>
  </TestDefinitions>
  <TestEntries>
    <TestEntry testId="8201d2f7-05b0-bed0-8d8a-8f74921d4a95" executionId="9f0c6c68-ee91-4974-af1d-8af6717b6e3c" testListId="8c84fa94-04c1-424b-9868-57a2d4851a1d" />
    <TestEntry testId="d33d5883-dfa6-6ad6-a40c-e1784d5a9158" executionId="808936fc-9268-49ee-8ff8-f441df23ed3c" testListId="8c84fa94-04c1-424b-9868-57a2d4851a1d" />
    <TestEntry testId="228a9659-3b24-4444-1d64-d3f55b28abf3" executionId="775f8287-38c8-4698-a4ac-b31b561162f3" testListId="8c84fa94-04c1-424b-9868-57a2d4851a1d" />
    <TestEntry testId="aa06bcc2-b1f9-d7a3-48ba-ce69da940db0" executionId="436cb1ad-c0e5-4b99-b298-dec1420c683d" testListId="8c84fa94-04c1-424b-9868-57a2d4851a1d" />
    <TestEntry testId="c5710844-2072-6d93-153b-045777466175" executionId="c2232399-79a0-4a60-bf2e-eaee89b95b76" testListId="8c84fa94-04c1-424b-9868-57a2d4851a1d" />
  </TestEntries>
  <TestLists>
    <TestList name="Results Not in a List" id="8c84fa94-04c1-424b-9868-57a2d4851a1d" />
    <TestList name="All Loaded Results" id="19431567-8539-422a-85d7-44ee4e166bda" />
  </TestLists>
  <ResultSummary outcome="Completed">
    <Counters total="5" executed="5" passed="5" failed="0" error="0" timeout="0" aborted="0" inconclusive="0" passedButRunAborted="0" notRunnable="0" notExecuted="0" disconnected="0" warning="0" completed="0" inProgress="0" pending="0" />
    <Output>
      <StdOut>[xUnit.net 00:00:00.00] xUnit.net VSTest Adapter v3.1.4+50e68bbb8b (64-bit .NET 8.0.30)&#xD;
[xUnit.net 00:00:00.17]   Discovering: Dharma.Architecture.Tests&#xD;
[xUnit.net 00:00:00.24]   Discovered:  Dharma.Architecture.Tests&#xD;
[xUnit.net 00:00:00.29]   Starting:    Dharma.Architecture.Tests&#xD;
[xUnit.net 00:00:00.60]   Finished:    Dharma.Architecture.Tests&#xD;
</StdOut>
    </Output>
  </ResultSummary>
</TestRun>