<?xml version="1.0" encoding="utf-8"?>
<TestRun id="82b632e2-2315-4497-974b-a178518c8617" name="RaviLad@IN-LT-000027 2026-09-11 16:45:02" runUser="AzureAD\RaviLad" xmlns="http://microsoft.com/schemas/VisualStudio/TeamTest/2010">
  <Times creation="2026-09-11T16:45:02.9386262+05:30" queuing="2026-09-11T16:45:02.9386267+05:30" start="2026-09-11T16:45:01.5423206+05:30" finish="2026-09-11T16:45:03.0705567+05:30" />
  <TestSettings name="default" id="ed7340bc-a63f-47cf-a081-1dd048402a88">
    <Deployment runDeploymentRoot="RaviLad_IN-LT-000027_2026-09-11_16_45_02" />
  </TestSettings>
  <Results>
    <UnitTestResult executionId="74bcd6cc-a825-4afd-a5b6-ea568f654e43" testId="9cc7ed5b-a0d3-4847-2432-f498eb73ddf7" testName="Dharma.Unit.Tests.PhoneNumberTests.TryCreate_ValidatesNormalizedPhone(input: &quot;919876543210&quot;, expected: False)" computerName="IN-LT-000027" duration="00:00:00.0000024" startTime="2026-09-11T16:45:02.8876906+05:30" endTime="2026-09-11T16:45:02.8876907+05:30" testType="13cdc9d9-ddb5-4fa4-a97d-d965ccfc6d4b" outcome="Passed" testListId="8c84fa94-04c1-424b-9868-57a2d4851a1d" relativeResultsDirectory="74bcd6cc-a825-4afd-a5b6-ea568f654e43" />
    <UnitTestResult executionId="6bd0f47d-145b-4e94-961b-f01c2b2203c7" testId="36cc109d-6272-cefe-f2f4-31eb7083fea5" testName="Dharma.Unit.Tests.SessionTests.IsActive_ReturnsTrue_WhenActiveAndNotExpired" computerName="IN-LT-000027" duration="00:00:00.0002593" startTime="2026-09-11T16:45:02.8891922+05:30" endTime="2026-09-11T16:45:02.8891922+05:30" testType="13cdc9d9-ddb5-4fa4-a97d-d965ccfc6d4b" outcome="Passed" testListId="8c84fa94-04c1-424b-9868-57a2d4851a1d" relativeResultsDirectory="6bd0f47d-145b-4e94-961b-f01c2b2203c7" />
    <UnitTestResult executionId="83c56dc5-9a3b-44ca-ad97-80bc763ffd01" testId="1d712534-3af1-4d9d-0d83-f2bd7f562104" testName="Dharma.Unit.Tests.RefreshTokenNodeTests.IsUsable_ReturnsFalse_WhenExpired" computerName="IN-LT-000027" duration="00:00:00.0003369" startTime="2026-09-11T16:45:02.8876018+05:30" endTime="2026-09-11T16:45:02.8876019+05:30" testType="13cdc9d9-ddb5-4fa4-a97d-d965ccfc6d4b" outcome="Passed" testListId="8c84fa94-04c1-424b-9868-57a2d4851a1d" relativeResultsDirectory="83c56dc5-9a3b-44ca-ad97-80bc763ffd01" />
    <UnitTestResult executionId="3e98f7e8-39d9-4719-9720-40d4fd81b1cb" testId="71509f6e-89fa-4d91-88e9-0783ceab18dd" testName="Dharma.Unit.Tests.PasswordHashTests.HashAndVerify_ReturnsTrue_ForMatchingValue" computerName="IN-LT-000027" duration="00:00:00.0552341" startTime="2026-09-11T16:45:02.9448586+05:30" endTime="2026-09-11T16:45:02.9448614+05:30" testType="13cdc9d9-ddb5-4fa4-a97d-d965ccfc6d4b" outcome="Passed" testListId="8c84fa94-04c1-424b-9868-57a2d4851a1d" relativeResultsDirectory="3e98f7e8-39d9-4719-9720-40d4fd81b1cb" />
    <UnitTestResult executionId="347fe20e-3e92-4ad7-8cc5-7aadaf668e45" testId="96205ae0-6bae-07ff-2520-0d28538dd25e" testName="Dharma.Unit.Tests.PhoneNumberTests.TryCreate_ValidatesNormalizedPhone(input: &quot;+12345678901234567890&quot;, expected: False)" computerName="IN-LT-000027" duration="00:00:00.0000028" startTime="2026-09-11T16:45:02.8877092+05:30" endTime="2026-09-11T16:45:02.8877093+05:30" testType="13cdc9d9-ddb5-4fa4-a97d-d965ccfc6d4b" outcome="Passed" testListId="8c84fa94-04c1-424b-9868-57a2d4851a1d" relativeResultsDirectory="347fe20e-3e92-4ad7-8cc5-7aadaf668e45" />
    <UnitTestResult executionId="57b4bb6c-fe25-4afb-9541-f4d0f9376eb1" testId="bc9ebe93-25de-9c98-32d3-d72805fbd4dc" testName="Dharma.Unit.Tests.PhoneNumberTests.TryCreate_ValidatesNormalizedPhone(input: &quot;+1234567&quot;, expected: True)" computerName="IN-LT-000027" duration="00:00:00.0000044" startTime="2026-09-11T16:45:02.8876615+05:30" endTime="2026-09-11T16:45:02.8876616+05:30" testType="13cdc9d9-ddb5-4fa4-a97d-d965ccfc6d4b" outcome="Passed" testListId="8c84fa94-04c1-424b-9868-57a2d4851a1d" relativeResultsDirectory="57b4bb6c-fe25-4afb-9541-f4d0f9376eb1" />
    <UnitTestResult executionId="51fdd7c6-845d-4fc7-8a5b-12c312b9cee5" testId="c2e194f4-8f19-38be-cb51-224938478266" testName="Dharma.Unit.Tests.OtpChallengeTests.IsCurrent_ReturnsFalse_WhenExpired" computerName="IN-LT-000027" duration="00:00:00.0002837" startTime="2026-09-11T16:45:02.8877521+05:30" endTime="2026-09-11T16:45:02.8877522+05:30" testType="13cdc9d9-ddb5-4fa4-a97d-d965ccfc6d4b" outcome="Passed" testListId="8c84fa94-04c1-424b-9868-57a2d4851a1d" relativeResultsDirectory="51fdd7c6-845d-4fc7-8a5b-12c312b9cee5" />
    <UnitTestResult executionId="79aa3e3c-c2d5-4b92-80fa-16df8c515c38" testId="f025aad7-7ea8-90e1-215b-02269a452d8e" testName="Dharma.Unit.Tests.RefreshTokenNodeTests.IsUsable_ReturnsFalse_WhenConsumed" computerName="IN-LT-000027" duration="00:00:00.0005498" startTime="2026-09-11T16:45:02.8877339+05:30" endTime="2026-09-11T16:45:02.8877340+05:30" testType="13cdc9d9-ddb5-4fa4-a97d-d965ccfc6d4b" outcome="Passed" testListId="8c84fa94-04c1-424b-9868-57a2d4851a1d" relativeResultsDirectory="79aa3e3c-c2d5-4b92-80fa-16df8c515c38" />
    <UnitTestResult executionId="aeffb7e4-b07c-420f-919b-7d52addc48ef" testId="8e95b773-98f8-9da5-4dca-768d2945595b" testName="Dharma.Unit.Tests.PasswordHashTests.Verify_ReturnsFalse_ForWrongValue" computerName="IN-LT-000027" duration="00:00:00.0668556" startTime="2026-09-11T16:45:02.8892580+05:30" endTime="2026-09-11T16:45:02.8892581+05:30" testType="13cdc9d9-ddb5-4fa4-a97d-d965ccfc6d4b" outcome="Passed" testListId="8c84fa94-04c1-424b-9868-57a2d4851a1d" relativeResultsDirectory="aeffb7e4-b07c-420f-919b-7d52addc48ef" />
    <UnitTestResult executionId="9d0a4657-3f33-402e-b4b1-c3dc521eb93a" testId="831a826c-0e76-9e42-ed20-bb0ca4a4fdd1" testName="Dharma.Unit.Tests.AuthServiceTests.RequestOtp_ThrowsValidationError_ForInvalidPhone" computerName="IN-LT-000027" duration="00:00:00.0197999" startTime="2026-09-11T16:45:02.8892338+05:30" endTime="2026-09-11T16:45:02.8892339+05:30" testType="13cdc9d9-ddb5-4fa4-a97d-d965ccfc6d4b" outcome="Passed" testListId="8c84fa94-04c1-424b-9868-57a2d4851a1d" relativeResultsDirectory="9d0a4657-3f33-402e-b4b1-c3dc521eb93a" />
    <UnitTestResult executionId="31c2ac67-2d97-439c-8653-9648d2e90ee0" testId="15ca3432-20ce-e9b1-4900-b483d5157ce3" testName="Dharma.Unit.Tests.OtpChallengeTests.Supersede_ChangesState" computerName="IN-LT-000027" duration="00:00:00.0133651" startTime="2026-09-11T16:45:02.8415141+05:30" endTime="2026-09-11T16:45:02.8415142+05:30" testType="13cdc9d9-ddb5-4fa4-a97d-d965ccfc6d4b" outcome="Passed" testListId="8c84fa94-04c1-424b-9868-57a2d4851a1d" relativeResultsDirectory="31c2ac67-2d97-439c-8653-9648d2e90ee0" />
    <UnitTestResult executionId="959cdb65-525d-483c-8548-36bdba14a4cf" testId="5d7f56fd-ea62-5861-e659-fb92bdc9131d" testName="Dharma.Unit.Tests.SessionTests.SecurityRevoke_ChangesStateToSecurityRevoked" computerName="IN-LT-000027" duration="00:00:00.0001468" startTime="2026-09-11T16:45:02.8891189+05:30" endTime="2026-09-11T16:45:02.8891190+05:30" testType="13cdc9d9-ddb5-4fa4-a97d-d965ccfc6d4b" outcome="Passed" testListId="8c84fa94-04c1-424b-9868-57a2d4851a1d" relativeResultsDirectory="959cdb65-525d-483c-8548-36bdba14a4cf" />
    <UnitTestResult executionId="66968d34-c6a8-4a9f-970d-f7fa5fda2895" testId="34f508b1-e4d5-6131-1577-58540ea06b6f" testName="Dharma.Unit.Tests.OutboxMessageTests.OutboxMessagePreservesEventIdentityAndIdempotencyKey" computerName="IN-LT-000027" duration="00:00:00.0146335" startTime="2026-09-11T16:45:02.8876314+05:30" endTime="2026-09-11T16:45:02.8876315+05:30" testType="13cdc9d9-ddb5-4fa4-a97d-d965ccfc6d4b" outcome="Passed" testListId="8c84fa94-04c1-424b-9868-57a2d4851a1d" relativeResultsDirectory="66968d34-c6a8-4a9f-970d-f7fa5fda2895" />
    <UnitTestResult executionId="14600747-11fc-4b2f-8f79-c5093f4ca30b" testId="269cf331-73b4-512d-8679-3a96d7ea3d54" testName="Dharma.Unit.Tests.SessionTests.Revoke_ChangesStateToRevoked" computerName="IN-LT-000027" duration="00:00:00.0156084" startTime="2026-09-11T16:45:02.8890761+05:30" endTime="2026-09-11T16:45:02.8890761+05:30" testType="13cdc9d9-ddb5-4fa4-a97d-d965ccfc6d4b" outcome="Passed" testListId="8c84fa94-04c1-424b-9868-57a2d4851a1d" relativeResultsDirectory="14600747-11fc-4b2f-8f79-c5093f4ca30b" />
    <UnitTestResult executionId="4869a356-2fc6-445a-b422-11019683c613" testId="e6e86ad0-7b94-95f3-ac4c-28c4d15d0738" testName="Dharma.Unit.Tests.PhoneNumberTests.TryCreate_ValidatesNormalizedPhone(input: &quot;  +919876543210  &quot;, expected: True)" computerName="IN-LT-000027" duration="00:00:00.0139533" startTime="2026-09-11T16:45:02.8425251+05:30" endTime="2026-09-11T16:45:02.8425253+05:30" testType="13cdc9d9-ddb5-4fa4-a97d-d965ccfc6d4b" outcome="Passed" testListId="8c84fa94-04c1-424b-9868-57a2d4851a1d" relativeResultsDirectory="4869a356-2fc6-445a-b422-11019683c613" />
    <UnitTestResult executionId="68fa7eca-70e7-4ae6-8f07-9544d1f74d79" testId="c3fd2248-49cf-f34f-1c7c-23173175d7de" testName="Dharma.Unit.Tests.OtpChallengeTests.RegisterFailure_LocksAtMaxAttempts" computerName="IN-LT-000027" duration="00:00:00.0002637" startTime="2026-09-11T16:45:02.8891442+05:30" endTime="2026-09-11T16:45:02.8891442+05:30" testType="13cdc9d9-ddb5-4fa4-a97d-d965ccfc6d4b" outcome="Passed" testListId="8c84fa94-04c1-424b-9868-57a2d4851a1d" relativeResultsDirectory="68fa7eca-70e7-4ae6-8f07-9544d1f74d79" />
    <UnitTestResult executionId="a9aa654c-9dfe-4704-858e-468aa4fce74d" testId="efceb5aa-ae74-bdc3-da8e-77bf60ebe393" testName="Dharma.Unit.Tests.PhoneNumberTests.TryCreate_ValidatesNormalizedPhone(input: &quot;+919876543210&quot;, expected: True)" computerName="IN-LT-000027" duration="00:00:00.0004212" startTime="2026-09-11T16:45:02.8425845+05:30" endTime="2026-09-11T16:45:02.8425846+05:30" testType="13cdc9d9-ddb5-4fa4-a97d-d965ccfc6d4b" outcome="Passed" testListId="8c84fa94-04c1-424b-9868-57a2d4851a1d" relativeResultsDirectory="a9aa654c-9dfe-4704-858e-468aa4fce74d" />
    <UnitTestResult executionId="562bf110-570a-4c02-a6fd-335550fbadc4" testId="6dbaf5e5-5a64-3713-3694-593945d18043" testName="Dharma.Unit.Tests.RefreshTokenNodeTests.IsUsable_ReturnsFalse_WhenRevoked" computerName="IN-LT-000027" duration="00:00:00.0088127" startTime="2026-09-11T16:45:02.8393881+05:30" endTime="2026-09-11T16:45:02.8394108+05:30" testType="13cdc9d9-ddb5-4fa4-a97d-d965ccfc6d4b" outcome="Passed" testListId="8c84fa94-04c1-424b-9868-57a2d4851a1d" relativeResultsDirectory="562bf110-570a-4c02-a6fd-335550fbadc4" />
    <UnitTestResult executionId="40b7ba92-f5a5-4563-baf0-7945a967235a" testId="cc1a981a-3ee8-033e-cda2-73c92d35c363" testName="Dharma.Unit.Tests.AuthServiceTests.VerifyOtp_ThrowsInvalid_ForWrongCode" computerName="IN-LT-000027" duration="00:00:00.0801741" startTime="2026-09-11T16:45:02.9224868+05:30" endTime="2026-09-11T16:45:02.9224873+05:30" testType="13cdc9d9-ddb5-4fa4-a97d-d965ccfc6d4b" outcome="Passed" testListId="8c84fa94-04c1-424b-9868-57a2d4851a1d" relativeResultsDirectory="40b7ba92-f5a5-4563-baf0-7945a967235a" />
    <UnitTestResult executionId="b851d4d0-a989-48af-9736-633406dc4148" testId="3119c599-07df-ef93-ac55-4be61e72fe88" testName="Dharma.Unit.Tests.OtpChallengeTests.IsCurrent_ReturnsTrue_WhenSentAndNotExpired" computerName="IN-LT-000027" duration="00:00:00.0002561" startTime="2026-09-11T16:45:02.8877766+05:30" endTime="2026-09-11T16:45:02.8877766+05:30" testType="13cdc9d9-ddb5-4fa4-a97d-d965ccfc6d4b" outcome="Passed" testListId="8c84fa94-04c1-424b-9868-57a2d4851a1d" relativeResultsDirectory="b851d4d0-a989-48af-9736-633406dc4148" />
    <UnitTestResult executionId="94a36e48-9188-4f71-aab7-5bba5852cc90" testId="03d3a2dc-b5aa-7ae8-c650-fd5062940cf4" testName="Dharma.Unit.Tests.PhoneNumberTests.TryCreate_ValidatesNormalizedPhone(input: &quot;+123456789012&quot;, expected: True)" computerName="IN-LT-000027" duration="00:00:00.0000100" startTime="2026-09-11T16:45:02.8874388+05:30" endTime="2026-09-11T16:45:02.8874389+05:30" testType="13cdc9d9-ddb5-4fa4-a97d-d965ccfc6d4b" outcome="Passed" testListId="8c84fa94-04c1-424b-9868-57a2d4851a1d" relativeResultsDirectory="94a36e48-9188-4f71-aab7-5bba5852cc90" />
  </Results>
  <TestDefinitions>
    <UnitTest name="Dharma.Unit.Tests.RefreshTokenNodeTests.IsUsable_ReturnsFalse_WhenConsumed" storage="c:\data\testprojects\dharma-platform\dharma\backend\tests\dharma.unit.tests\bin\release\net8.0\dharma.unit.tests.dll" id="f025aad7-7ea8-90e1-215b-02269a452d8e">
      <Execution id="79aa3e3c-c2d5-4b92-80fa-16df8c515c38" />
      <TestMethod codeBase="C:\Data\TestProjects\dharma-platform\dharma\backend\tests\Dharma.Unit.Tests\bin\Release\net8.0\Dharma.Unit.Tests.dll" adapterTypeName="executor://xunit/VsTestRunner2/netcoreapp" className="Dharma.Unit.Tests.RefreshTokenNodeTests" name="IsUsable_ReturnsFalse_WhenConsumed" />
    </UnitTest>
    <UnitTest name="Dharma.Unit.Tests.OtpChallengeTests.Supersede_ChangesState" storage="c:\data\testprojects\dharma-platform\dharma\backend\tests\dharma.unit.tests\bin\release\net8.0\dharma.unit.tests.dll" id="15ca3432-20ce-e9b1-4900-b483d5157ce3">
      <Execution id="31c2ac67-2d97-439c-8653-9648d2e90ee0" />
      <TestMethod codeBase="C:\Data\TestProjects\dharma-platform\dharma\backend\tests\Dharma.Unit.Tests\bin\Release\net8.0\Dharma.Unit.Tests.dll" adapterTypeName="executor://xunit/VsTestRunner2/netcoreapp" className="Dharma.Unit.Tests.OtpChallengeTests" name="Supersede_ChangesState" />
    </UnitTest>
    <UnitTest name="Dharma.Unit.Tests.PasswordHashTests.Verify_ReturnsFalse_ForWrongValue" storage="c:\data\testprojects\dharma-platform\dharma\backend\tests\dharma.unit.tests\bin\release\net8.0\dharma.unit.tests.dll" id="8e95b773-98f8-9da5-4dca-768d2945595b">
      <Execution id="aeffb7e4-b07c-420f-919b-7d52addc48ef" />
      <TestMethod codeBase="C:\Data\TestProjects\dharma-platform\dharma\backend\tests\Dharma.Unit.Tests\bin\Release\net8.0\Dharma.Unit.Tests.dll" adapterTypeName="executor://xunit/VsTestRunner2/netcoreapp" className="Dharma.Unit.Tests.PasswordHashTests" name="Verify_ReturnsFalse_ForWrongValue" />
    </UnitTest>
    <UnitTest name="Dharma.Unit.Tests.SessionTests.IsActive_ReturnsTrue_WhenActiveAndNotExpired" storage="c:\data\testprojects\dharma-platform\dharma\backend\tests\dharma.unit.tests\bin\release\net8.0\dharma.unit.tests.dll" id="36cc109d-6272-cefe-f2f4-31eb7083fea5">
      <Execution id="6bd0f47d-145b-4e94-961b-f01c2b2203c7" />
      <TestMethod codeBase="C:\Data\TestProjects\dharma-platform\dharma\backend\tests\Dharma.Unit.Tests\bin\Release\net8.0\Dharma.Unit.Tests.dll" adapterTypeName="executor://xunit/VsTestRunner2/netcoreapp" className="Dharma.Unit.Tests.SessionTests" name="IsActive_ReturnsTrue_WhenActiveAndNotExpired" />
    </UnitTest>
    <UnitTest name="Dharma.Unit.Tests.PhoneNumberTests.TryCreate_ValidatesNormalizedPhone(input: &quot;+12345678901234567890&quot;, expected: False)" storage="c:\data\testprojects\dharma-platform\dharma\backend\tests\dharma.unit.tests\bin\release\net8.0\dharma.unit.tests.dll" id="96205ae0-6bae-07ff-2520-0d28538dd25e">
      <Execution id="347fe20e-3e92-4ad7-8cc5-7aadaf668e45" />
      <TestMethod codeBase="C:\Data\TestProjects\dharma-platform\dharma\backend\tests\Dharma.Unit.Tests\bin\Release\net8.0\Dharma.Unit.Tests.dll" adapterTypeName="executor://xunit/VsTestRunner2/netcoreapp" className="Dharma.Unit.Tests.PhoneNumberTests" name="TryCreate_ValidatesNormalizedPhone" />
    </UnitTest>
    <UnitTest name="Dharma.Unit.Tests.PhoneNumberTests.TryCreate_ValidatesNormalizedPhone(input: &quot;+1234567&quot;, expected: True)" storage="c:\data\testprojects\dharma-platform\dharma\backend\tests\dharma.unit.tests\bin\release\net8.0\dharma.unit.tests.dll" id="bc9ebe93-25de-9c98-32d3-d72805fbd4dc">
      <Execution id="57b4bb6c-fe25-4afb-9541-f4d0f9376eb1" />
      <TestMethod codeBase="C:\Data\TestProjects\dharma-platform\dharma\backend\tests\Dharma.Unit.Tests\bin\Release\net8.0\Dharma.Unit.Tests.dll" adapterTypeName="executor://xunit/VsTestRunner2/netcoreapp" className="Dharma.Unit.Tests.PhoneNumberTests" name="TryCreate_ValidatesNormalizedPhone" />
    </UnitTest>
    <UnitTest name="Dharma.Unit.Tests.PasswordHashTests.HashAndVerify_ReturnsTrue_ForMatchingValue" storage="c:\data\testprojects\dharma-platform\dharma\backend\tests\dharma.unit.tests\bin\release\net8.0\dharma.unit.tests.dll" id="71509f6e-89fa-4d91-88e9-0783ceab18dd">
      <Execution id="3e98f7e8-39d9-4719-9720-40d4fd81b1cb" />
      <TestMethod codeBase="C:\Data\TestProjects\dharma-platform\dharma\backend\tests\Dharma.Unit.Tests\bin\Release\net8.0\Dharma.Unit.Tests.dll" adapterTypeName="executor://xunit/VsTestRunner2/netcoreapp" className="Dharma.Unit.Tests.PasswordHashTests" name="HashAndVerify_ReturnsTrue_ForMatchingValue" />
    </UnitTest>
    <UnitTest name="Dharma.Unit.Tests.OtpChallengeTests.IsCurrent_ReturnsFalse_WhenExpired" storage="c:\data\testprojects\dharma-platform\dharma\backend\tests\dharma.unit.tests\bin\release\net8.0\dharma.unit.tests.dll" id="c2e194f4-8f19-38be-cb51-224938478266">
      <Execution id="51fdd7c6-845d-4fc7-8a5b-12c312b9cee5" />
      <TestMethod codeBase="C:\Data\TestProjects\dharma-platform\dharma\backend\tests\Dharma.Unit.Tests\bin\Release\net8.0\Dharma.Unit.Tests.dll" adapterTypeName="executor://xunit/VsTestRunner2/netcoreapp" className="Dharma.Unit.Tests.OtpChallengeTests" name="IsCurrent_ReturnsFalse_WhenExpired" />
    </UnitTest>
    <UnitTest name="Dharma.Unit.Tests.SessionTests.Revoke_ChangesStateToRevoked" storage="c:\data\testprojects\dharma-platform\dharma\backend\tests\dharma.unit.tests\bin\release\net8.0\dharma.unit.tests.dll" id="269cf331-73b4-512d-8679-3a96d7ea3d54">
      <Execution id="14600747-11fc-4b2f-8f79-c5093f4ca30b" />
      <TestMethod codeBase="C:\Data\TestProjects\dharma-platform\dharma\backend\tests\Dharma.Unit.Tests\bin\Release\net8.0\Dharma.Unit.Tests.dll" adapterTypeName="executor://xunit/VsTestRunner2/netcoreapp" className="Dharma.Unit.Tests.SessionTests" name="Revoke_ChangesStateToRevoked" />
    </UnitTest>
    <UnitTest name="Dharma.Unit.Tests.PhoneNumberTests.TryCreate_ValidatesNormalizedPhone(input: &quot;+123456789012&quot;, expected: True)" storage="c:\data\testprojects\dharma-platform\dharma\backend\tests\dharma.unit.tests\bin\release\net8.0\dharma.unit.tests.dll" id="03d3a2dc-b5aa-7ae8-c650-fd5062940cf4">
      <Execution id="94a36e48-9188-4f71-aab7-5bba5852cc90" />
      <TestMethod codeBase="C:\Data\TestProjects\dharma-platform\dharma\backend\tests\Dharma.Unit.Tests\bin\Release\net8.0\Dharma.Unit.Tests.dll" adapterTypeName="executor://xunit/VsTestRunner2/netcoreapp" className="Dharma.Unit.Tests.PhoneNumberTests" name="TryCreate_ValidatesNormalizedPhone" />
    </UnitTest>
    <UnitTest name="Dharma.Unit.Tests.OutboxMessageTests.OutboxMessagePreservesEventIdentityAndIdempotencyKey" storage="c:\data\testprojects\dharma-platform\dharma\backend\tests\dharma.unit.tests\bin\release\net8.0\dharma.unit.tests.dll" id="34f508b1-e4d5-6131-1577-58540ea06b6f">
      <Execution id="66968d34-c6a8-4a9f-970d-f7fa5fda2895" />
      <TestMethod codeBase="C:\Data\TestProjects\dharma-platform\dharma\backend\tests\Dharma.Unit.Tests\bin\Release\net8.0\Dharma.Unit.Tests.dll" adapterTypeName="executor://xunit/VsTestRunner2/netcoreapp" className="Dharma.Unit.Tests.OutboxMessageTests" name="OutboxMessagePreservesEventIdentityAndIdempotencyKey" />
    </UnitTest>
    <UnitTest name="Dharma.Unit.Tests.RefreshTokenNodeTests.IsUsable_ReturnsFalse_WhenRevoked" storage="c:\data\testprojects\dharma-platform\dharma\backend\tests\dharma.unit.tests\bin\release\net8.0\dharma.unit.tests.dll" id="6dbaf5e5-5a64-3713-3694-593945d18043">
      <Execution id="562bf110-570a-4c02-a6fd-335550fbadc4" />
      <TestMethod codeBase="C:\Data\TestProjects\dharma-platform\dharma\backend\tests\Dharma.Unit.Tests\bin\Release\net8.0\Dharma.Unit.Tests.dll" adapterTypeName="executor://xunit/VsTestRunner2/netcoreapp" className="Dharma.Unit.Tests.RefreshTokenNodeTests" name="IsUsable_ReturnsFalse_WhenRevoked" />
    </UnitTest>
    <UnitTest name="Dharma.Unit.Tests.PhoneNumberTests.TryCreate_ValidatesNormalizedPhone(input: &quot;919876543210&quot;, expected: False)" storage="c:\data\testprojects\dharma-platform\dharma\backend\tests\dharma.unit.tests\bin\release\net8.0\dharma.unit.tests.dll" id="9cc7ed5b-a0d3-4847-2432-f498eb73ddf7">
      <Execution id="74bcd6cc-a825-4afd-a5b6-ea568f654e43" />
      <TestMethod codeBase="C:\Data\TestProjects\dharma-platform\dharma\backend\tests\Dharma.Unit.Tests\bin\Release\net8.0\Dharma.Unit.Tests.dll" adapterTypeName="executor://xunit/VsTestRunner2/netcoreapp" className="Dharma.Unit.Tests.PhoneNumberTests" name="TryCreate_ValidatesNormalizedPhone" />
    </UnitTest>
    <UnitTest name="Dharma.Unit.Tests.PhoneNumberTests.TryCreate_ValidatesNormalizedPhone(input: &quot;+919876543210&quot;, expected: True)" storage="c:\data\testprojects\dharma-platform\dharma\backend\tests\dharma.unit.tests\bin\release\net8.0\dharma.unit.tests.dll" id="efceb5aa-ae74-bdc3-da8e-77bf60ebe393">
      <Execution id="a9aa654c-9dfe-4704-858e-468aa4fce74d" />
      <TestMethod codeBase="C:\Data\TestProjects\dharma-platform\dharma\backend\tests\Dharma.Unit.Tests\bin\Release\net8.0\Dharma.Unit.Tests.dll" adapterTypeName="executor://xunit/VsTestRunner2/netcoreapp" className="Dharma.Unit.Tests.PhoneNumberTests" name="TryCreate_ValidatesNormalizedPhone" />
    </UnitTest>
    <UnitTest name="Dharma.Unit.Tests.AuthServiceTests.RequestOtp_ThrowsValidationError_ForInvalidPhone" storage="c:\data\testprojects\dharma-platform\dharma\backend\tests\dharma.unit.tests\bin\release\net8.0\dharma.unit.tests.dll" id="831a826c-0e76-9e42-ed20-bb0ca4a4fdd1">
      <Execution id="9d0a4657-3f33-402e-b4b1-c3dc521eb93a" />
      <TestMethod codeBase="C:\Data\TestProjects\dharma-platform\dharma\backend\tests\Dharma.Unit.Tests\bin\Release\net8.0\Dharma.Unit.Tests.dll" adapterTypeName="executor://xunit/VsTestRunner2/netcoreapp" className="Dharma.Unit.Tests.AuthServiceTests" name="RequestOtp_ThrowsValidationError_ForInvalidPhone" />
    </UnitTest>
    <UnitTest name="Dharma.Unit.Tests.AuthServiceTests.VerifyOtp_ThrowsInvalid_ForWrongCode" storage="c:\data\testprojects\dharma-platform\dharma\backend\tests\dharma.unit.tests\bin\release\net8.0\dharma.unit.tests.dll" id="cc1a981a-3ee8-033e-cda2-73c92d35c363">
      <Execution id="40b7ba92-f5a5-4563-baf0-7945a967235a" />
      <TestMethod codeBase="C:\Data\TestProjects\dharma-platform\dharma\backend\tests\Dharma.Unit.Tests\bin\Release\net8.0\Dharma.Unit.Tests.dll" adapterTypeName="executor://xunit/VsTestRunner2/netcoreapp" className="Dharma.Unit.Tests.AuthServiceTests" name="VerifyOtp_ThrowsInvalid_ForWrongCode" />
    </UnitTest>
    <UnitTest name="Dharma.Unit.Tests.PhoneNumberTests.TryCreate_ValidatesNormalizedPhone(input: &quot;  +919876543210  &quot;, expected: True)" storage="c:\data\testprojects\dharma-platform\dharma\backend\tests\dharma.unit.tests\bin\release\net8.0\dharma.unit.tests.dll" id="e6e86ad0-7b94-95f3-ac4c-28c4d15d0738">
      <Execution id="4869a356-2fc6-445a-b422-11019683c613" />
      <TestMethod codeBase="C:\Data\TestProjects\dharma-platform\dharma\backend\tests\Dharma.Unit.Tests\bin\Release\net8.0\Dharma.Unit.Tests.dll" adapterTypeName="executor://xunit/VsTestRunner2/netcoreapp" className="Dharma.Unit.Tests.PhoneNumberTests" name="TryCreate_ValidatesNormalizedPhone" />
    </UnitTest>
    <UnitTest name="Dharma.Unit.Tests.SessionTests.SecurityRevoke_ChangesStateToSecurityRevoked" storage="c:\data\testprojects\dharma-platform\dharma\backend\tests\dharma.unit.tests\bin\release\net8.0\dharma.unit.tests.dll" id="5d7f56fd-ea62-5861-e659-fb92bdc9131d">
      <Execution id="959cdb65-525d-483c-8548-36bdba14a4cf" />
      <TestMethod codeBase="C:\Data\TestProjects\dharma-platform\dharma\backend\tests\Dharma.Unit.Tests\bin\Release\net8.0\Dharma.Unit.Tests.dll" adapterTypeName="executor://xunit/VsTestRunner2/netcoreapp" className="Dharma.Unit.Tests.SessionTests" name="SecurityRevoke_ChangesStateToSecurityRevoked" />
    </UnitTest>
    <UnitTest name="Dharma.Unit.Tests.RefreshTokenNodeTests.IsUsable_ReturnsFalse_WhenExpired" storage="c:\data\testprojects\dharma-platform\dharma\backend\tests\dharma.unit.tests\bin\release\net8.0\dharma.unit.tests.dll" id="1d712534-3af1-4d9d-0d83-f2bd7f562104">
      <Execution id="83c56dc5-9a3b-44ca-ad97-80bc763ffd01" />
      <TestMethod codeBase="C:\Data\TestProjects\dharma-platform\dharma\backend\tests\Dharma.Unit.Tests\bin\Release\net8.0\Dharma.Unit.Tests.dll" adapterTypeName="executor://xunit/VsTestRunner2/netcoreapp" className="Dharma.Unit.Tests.RefreshTokenNodeTests" name="IsUsable_ReturnsFalse_WhenExpired" />
    </UnitTest>
    <UnitTest name="Dharma.Unit.Tests.OtpChallengeTests.IsCurrent_ReturnsTrue_WhenSentAndNotExpired" storage="c:\data\testprojects\dharma-platform\dharma\backend\tests\dharma.unit.tests\bin\release\net8.0\dharma.unit.tests.dll" id="3119c599-07df-ef93-ac55-4be61e72fe88">
      <Execution id="b851d4d0-a989-48af-9736-633406dc4148" />
      <TestMethod codeBase="C:\Data\TestProjects\dharma-platform\dharma\backend\tests\Dharma.Unit.Tests\bin\Release\net8.0\Dharma.Unit.Tests.dll" adapterTypeName="executor://xunit/VsTestRunner2/netcoreapp" className="Dharma.Unit.Tests.OtpChallengeTests" name="IsCurrent_ReturnsTrue_WhenSentAndNotExpired" />
    </UnitTest>
    <UnitTest name="Dharma.Unit.Tests.OtpChallengeTests.RegisterFailure_LocksAtMaxAttempts" storage="c:\data\testprojects\dharma-platform\dharma\backend\tests\dharma.unit.tests\bin\release\net8.0\dharma.unit.tests.dll" id="c3fd2248-49cf-f34f-1c7c-23173175d7de">
      <Execution id="68fa7eca-70e7-4ae6-8f07-9544d1f74d79" />
      <TestMethod codeBase="C:\Data\TestProjects\dharma-platform\dharma\backend\tests\Dharma.Unit.Tests\bin\Release\net8.0\Dharma.Unit.Tests.dll" adapterTypeName="executor://xunit/VsTestRunner2/netcoreapp" className="Dharma.Unit.Tests.OtpChallengeTests" name="RegisterFailure_LocksAtMaxAttempts" />
    </UnitTest>
  </TestDefinitions>
  <TestEntries>
    <TestEntry testId="9cc7ed5b-a0d3-4847-2432-f498eb73ddf7" executionId="74bcd6cc-a825-4afd-a5b6-ea568f654e43" testListId="8c84fa94-04c1-424b-9868-57a2d4851a1d" />
    <TestEntry testId="36cc109d-6272-cefe-f2f4-31eb7083fea5" executionId="6bd0f47d-145b-4e94-961b-f01c2b2203c7" testListId="8c84fa94-04c1-424b-9868-57a2d4851a1d" />
    <TestEntry testId="1d712534-3af1-4d9d-0d83-f2bd7f562104" executionId="83c56dc5-9a3b-44ca-ad97-80bc763ffd01" testListId="8c84fa94-04c1-424b-9868-57a2d4851a1d" />
    <TestEntry testId="71509f6e-89fa-4d91-88e9-0783ceab18dd" executionId="3e98f7e8-39d9-4719-9720-40d4fd81b1cb" testListId="8c84fa94-04c1-424b-9868-57a2d4851a1d" />
    <TestEntry testId="96205ae0-6bae-07ff-2520-0d28538dd25e" executionId="347fe20e-3e92-4ad7-8cc5-7aadaf668e45" testListId="8c84fa94-04c1-424b-9868-57a2d4851a1d" />
    <TestEntry testId="bc9ebe93-25de-9c98-32d3-d72805fbd4dc" executionId="57b4bb6c-fe25-4afb-9541-f4d0f9376eb1" testListId="8c84fa94-04c1-424b-9868-57a2d4851a1d" />
    <TestEntry testId="c2e194f4-8f19-38be-cb51-224938478266" executionId="51fdd7c6-845d-4fc7-8a5b-12c312b9cee5" testListId="8c84fa94-04c1-424b-9868-57a2d4851a1d" />
    <TestEntry testId="f025aad7-7ea8-90e1-215b-02269a452d8e" executionId="79aa3e3c-c2d5-4b92-80fa-16df8c515c38" testListId="8c84fa94-04c1-424b-9868-57a2d4851a1d" />
    <TestEntry testId="8e95b773-98f8-9da5-4dca-768d2945595b" executionId="aeffb7e4-b07c-420f-919b-7d52addc48ef" testListId="8c84fa94-04c1-424b-9868-57a2d4851a1d" />
    <TestEntry testId="831a826c-0e76-9e42-ed20-bb0ca4a4fdd1" executionId="9d0a4657-3f33-402e-b4b1-c3dc521eb93a" testListId="8c84fa94-04c1-424b-9868-57a2d4851a1d" />
    <TestEntry testId="15ca3432-20ce-e9b1-4900-b483d5157ce3" executionId="31c2ac67-2d97-439c-8653-9648d2e90ee0" testListId="8c84fa94-04c1-424b-9868-57a2d4851a1d" />
    <TestEntry testId="5d7f56fd-ea62-5861-e659-fb92bdc9131d" executionId="959cdb65-525d-483c-8548-36bdba14a4cf" testListId="8c84fa94-04c1-424b-9868-57a2d4851a1d" />
    <TestEntry testId="34f508b1-e4d5-6131-1577-58540ea06b6f" executionId="66968d34-c6a8-4a9f-970d-f7fa5fda2895" testListId="8c84fa94-04c1-424b-9868-57a2d4851a1d" />
    <TestEntry testId="269cf331-73b4-512d-8679-3a96d7ea3d54" executionId="14600747-11fc-4b2f-8f79-c5093f4ca30b" testListId="8c84fa94-04c1-424b-9868-57a2d4851a1d" />
    <TestEntry testId="e6e86ad0-7b94-95f3-ac4c-28c4d15d0738" executionId="4869a356-2fc6-445a-b422-11019683c613" testListId="8c84fa94-04c1-424b-9868-57a2d4851a1d" />
    <TestEntry testId="c3fd2248-49cf-f34f-1c7c-23173175d7de" executionId="68fa7eca-70e7-4ae6-8f07-9544d1f74d79" testListId="8c84fa94-04c1-424b-9868-57a2d4851a1d" />
    <TestEntry testId="efceb5aa-ae74-bdc3-da8e-77bf60ebe393" executionId="a9aa654c-9dfe-4704-858e-468aa4fce74d" testListId="8c84fa94-04c1-424b-9868-57a2d4851a1d" />
    <TestEntry testId="6dbaf5e5-5a64-3713-3694-593945d18043" executionId="562bf110-570a-4c02-a6fd-335550fbadc4" testListId="8c84fa94-04c1-424b-9868-57a2d4851a1d" />
    <TestEntry testId="cc1a981a-3ee8-033e-cda2-73c92d35c363" executionId="40b7ba92-f5a5-4563-baf0-7945a967235a" testListId="8c84fa94-04c1-424b-9868-57a2d4851a1d" />
    <TestEntry testId="3119c599-07df-ef93-ac55-4be61e72fe88" executionId="b851d4d0-a989-48af-9736-633406dc4148" testListId="8c84fa94-04c1-424b-9868-57a2d4851a1d" />
    <TestEntry testId="03d3a2dc-b5aa-7ae8-c650-fd5062940cf4" executionId="94a36e48-9188-4f71-aab7-5bba5852cc90" testListId="8c84fa94-04c1-424b-9868-57a2d4851a1d" />
  </TestEntries>
  <TestLists>
    <TestList name="Results Not in a List" id="8c84fa94-04c1-424b-9868-57a2d4851a1d" />
    <TestList name="All Loaded Results" id="19431567-8539-422a-85d7-44ee4e166bda" />
  </TestLists>
  <ResultSummary outcome="Completed">
    <Counters total="21" executed="21" passed="21" failed="0" error="0" timeout="0" aborted="0" inconclusive="0" passedButRunAborted="0" notRunnable="0" notExecuted="0" disconnected="0" warning="0" completed="0" inProgress="0" pending="0" />
    <Output>
      <StdOut>[xUnit.net 00:00:00.00] xUnit.net VSTest Adapter v2.5.3.1+6b60a9e56a (64-bit .NET 8.0.30)&#xD;
[xUnit.net 00:00:00.15]   Discovering: Dharma.Unit.Tests&#xD;
[xUnit.net 00:00:00.23]   Discovered:  Dharma.Unit.Tests&#xD;
[xUnit.net 00:00:00.24]   Starting:    Dharma.Unit.Tests&#xD;
[xUnit.net 00:00:00.44]   Finished:    Dharma.Unit.Tests&#xD;
</StdOut>
    </Output>
  </ResultSummary>
</TestRun>